<?xml version="1.0" encoding="utf-8"?><testsuites name="pytest tests"><testsuite name="pytest" errors="0" failures="0" skipped="0" tests="6" time="1.464" timestamp="2026-07-28T15:22:31.880774+00:00" hostname="agent-env-f5874c17-d695-486b-a417-3c7a88bc1db1"><testcase classname="tests.test_bugfixes_iter2" name="test_auth_me_returns_triage" time="0.552" /><testcase classname="tests.test_bugfixes_iter2" name="test_admin_users_endpoint_accessible" time="0.075" /><testcase classname="tests.test_bugfixes_iter2" name="test_system_stats" time="0.133" /><testcase classname="tests.test_bugfixes_iter2" name="test_create_request_with_deadline_iso" time="0.153" /><testcase classname="tests.test_bugfixes_iter2" name="test_create_request_with_null_deadline" time="0.079" /><testcase classname="tests.test_bugfixes_iter2" name="test_register_and_promote_tester2" time="0.423" /></testsuite></testsuites>