<?xml version="1.0" encoding="utf-8"?><testsuites name="pytest tests"><testsuite name="pytest" errors="0" failures="1" skipped="0" tests="47" time="16.720" timestamp="2026-07-28T14:59:48.725751+00:00" hostname="agent-env-f5874c17-d695-486b-a417-3c7a88bc1db1"><testcase classname="tests.test_creative_hub_e2e" name="test_health" time="0.311" /><testcase classname="tests.test_creative_hub_e2e" name="test_system_empty" time="0.136" /><testcase classname="tests.test_creative_hub_e2e" name="test_register_first_user_is_first_admin_flag" time="0.369" /><testcase classname="tests.test_creative_hub_e2e" name="test_claim_admin_promotes_to_triage" time="0.191" /><testcase classname="tests.test_creative_hub_e2e" name="test_register_second_user_defaults_to_requester_no_first_admin" time="0.357" /><testcase classname="tests.test_creative_hub_e2e" name="test_register_writer_and_designer_and_executive" time="1.108" /><testcase classname="tests.test_creative_hub_e2e" name="test_login_success_and_me" time="0.472" /><testcase classname="tests.test_creative_hub_e2e" name="test_login_invalid_returns_401" time="0.342" /><testcase classname="tests.test_creative_hub_e2e" name="test_lockout_after_5_fails" time="2.561"><failure message="AssertionError: Expected a 429 in [401, 401, 401, 401, 401, 401]&#10;assert 429 in [401, 401, 401, 401, 401, 401]">tests/test_creative_hub_e2e.py:117: in test_lockout_after_5_fails
    assert 429 in codes, f"Expected a 429 in {codes}"
E   AssertionError: Expected a 429 in [401, 401, 401, 401, 401, 401]
E   assert 429 in [401, 401, 401, 401, 401, 401]</failure></testcase><testcase classname="tests.test_creative_hub_e2e" name="test_admin_list_users" time="0.122" /><testcase classname="tests.test_creative_hub_e2e" name="test_non_admin_gets_403_on_admin" time="0.116" /><testcase classname="tests.test_creative_hub_e2e" name="test_admin_promotes_writer_designer_executive" time="0.379" /><testcase classname="tests.test_creative_hub_e2e" name="test_cannot_demote_last_admin" time="0.143" /><testcase classname="tests.test_creative_hub_e2e" name="test_cannot_deactivate_last_admin" time="0.133" /><testcase classname="tests.test_creative_hub_e2e" name="test_channels_list_default" time="0.138" /><testcase classname="tests.test_creative_hub_e2e" name="test_admin_can_create_channel" time="0.125" /><testcase classname="tests.test_creative_hub_e2e" name="test_create_request_write_for_me" time="0.118" /><testcase classname="tests.test_creative_hub_e2e" name="test_create_request_invalid_channel" time="0.122" /><testcase classname="tests.test_creative_hub_e2e" name="test_create_self_provided_requires_copy" time="0.141" /><testcase classname="tests.test_creative_hub_e2e" name="test_triage_prioritize" time="0.237" /><testcase classname="tests.test_creative_hub_e2e" name="test_writer_pickup_and_submit_copy" time="0.255" /><testcase classname="tests.test_creative_hub_e2e" name="test_requester_bounces_copy" time="0.118" /><testcase classname="tests.test_creative_hub_e2e" name="test_requester_bounce_without_feedback_400" time="0.318" /><testcase classname="tests.test_creative_hub_e2e" name="test_requester_approves_copy" time="0.131" /><testcase classname="tests.test_creative_hub_e2e" name="test_designer_pickup_after_copy_approval" time="0.122" /><testcase classname="tests.test_creative_hub_e2e" name="test_hold_requires_reason" time="0.143" /><testcase classname="tests.test_creative_hub_e2e" name="test_hold_and_resume" time="0.268" /><testcase classname="tests.test_creative_hub_e2e" name="test_deliver_requires_url" time="0.136" /><testcase classname="tests.test_creative_hub_e2e" name="test_deliver_success" time="0.177" /><testcase classname="tests.test_creative_hub_e2e" name="test_redesign_requires_feedback" time="0.149" /><testcase classname="tests.test_creative_hub_e2e" name="test_redesign_then_final_approve" time="0.391" /><testcase classname="tests.test_creative_hub_e2e" name="test_self_provided_direct_to_designer" time="0.423" /><testcase classname="tests.test_creative_hub_e2e" name="test_writer_cannot_pickup_self_provided" time="0.425" /><testcase classname="tests.test_creative_hub_e2e" name="test_cancel_without_pickup_immediate" time="0.286" /><testcase classname="tests.test_creative_hub_e2e" name="test_cancel_after_pickup_becomes_pending_and_triage_decides" time="0.907" /><testcase classname="tests.test_creative_hub_e2e" name="test_comment_add_and_mention" time="0.272" /><testcase classname="tests.test_creative_hub_e2e" name="test_notifications_and_mark_read" time="1.157" /><testcase classname="tests.test_creative_hub_e2e" name="test_actor_not_notified_of_own_action" time="0.135" /><testcase classname="tests.test_creative_hub_e2e" name="test_upload_image_and_download" time="0.908" /><testcase classname="tests.test_creative_hub_e2e" name="test_upload_rejects_non_image" time="0.194" /><testcase classname="tests.test_creative_hub_e2e" name="test_dashboard_summary_triage" time="0.129" /><testcase classname="tests.test_creative_hub_e2e" name="test_dashboard_forbidden_for_requester" time="0.111" /><testcase classname="tests.test_creative_hub_e2e" name="test_dashboard_ok_for_executive" time="0.131" /><testcase classname="tests.test_creative_hub_e2e" name="test_search_query_filter" time="0.141" /><testcase classname="tests.test_creative_hub_e2e" name="test_requester_scope_all_only_shows_own" time="0.121" /><testcase classname="tests.test_creative_hub_e2e" name="test_reassign_to_another_designer" time="0.628" /><testcase classname="tests.test_creative_hub_e2e" name="test_logout" time="0.129" /></testsuite></testsuites>